    1  exit
    2  sudo yum -y groupinstall "development tools"
    3  sudo yum -y install epel-release wget
    4  sudo wget http://rpms.famillecollet.com/enterprise/remi-release-7.rpm
    5  sudo rpm -Uvh remi-release-7.rpm
    6  sudo yum -y install --enablerepo=remi-php72 php php-pdo php-mysqlnd php-mbstring php-xml php-fpm php-common php-devel php-mysql unzip
    7  php -v
    8  php -r "copy('https://getcomposer.org/installer', 'composer-setup.php');"
    9  php composer-setup.php
   10  php -r "unlink('composer-setup.php');"
   11  sudo mv composer.phar /usr/local/bin/composer
   12  composer -v
   13  ls
   14  vagrant up
   15  exit
   16  ls/
   17  ls
   18  ls/
   19  pwd
   20  cd ..
   21  ls
   22  cd vagrant
   23  ls
   24  cat remi-release-7.rpm
   25  composer -v
   26  cd /vagrant
   27  pwd
   28  mkdir server_lesson && cd server_lesson
   29  git init
   30  touch first.txt
   31  cd vagrant
   32  pwd
   33  cd /vagrant
   34  cd ..
   35  pwd
   36  mkdir server_lesson/linux_practice/public
   37  ls
   38  mkdir -p server_lesson/linux_practice/public
   39  ls server_lesson server_lesson/linux_practice
   40  pwd
   41  touch server_lesson/linux_practice/public/index.php
   42  ls server_lesson/linux_practice/public
   43  cd /vagrant/server_lesson && ls
   44  cd /server_lesson && ls
   45  pwd
   46  cd /vagrant/server_lesson/linux_practice/public
   47  ls
   48  cd server_lesson
   49  ls
   50  cd linux_practice
   51  ls
   52  cd ..
   53  pwd
   54  cd server_lesson/linux_practice/public
   55  cp index.php index_bk.php
   56  ls
   57  cd /vagrant/server_lesson/linux_practice
   58  cd ..
   59  pwd
   60  cd ,,
   61  cd ..
   62  pwd
   63  cd ..
   64  pwd
   65  cd server_lesson/linux_practice
   66  cp -r public tmp
   67  ls ./ public tmp
   68  pwd
   69  cd ..
   70  pwd
   71  mv server_lesson/linux_practice server_lesson/linux_practice1
   72  mkdir linux_practice2 linux_practice3
   73  mv ./linux_practice2 ./server_lesson
   74  cd ..
   75  pwd
   76  ls
   77  cd vagrant
   78  ls
   79  cd server_lesson/linux_practice1/tmp/
   80  rm *_bk.php
   81  pwd
   82  cd ..
   83  pwd
   84  cd ..
   85  pwd
   86  rm server_lesson/first.txt
   87  rm -r linux_practice3
   88  ls server_lesson
   89  rm -rf /
   90  ls
   91  cd ..
   92  pwd
   93  cd vagrant
   94  cd /vagrant/server_lesson
   95  cd server_lesson
   96  echo '# サーバレッスン' > README.md
   97  echo 'Linuxプラクティス' >> README.md
   98  echo '-----------------' >> README.md
   99  cat README.md
  100  vi README.md
  101  ls
  102  cd linux_practice1
  103  ls
  104  cd public
  105  ls
  106  cd ..
  107  cd temp
  108  pwd
  109  ls
  110  cd tmp
  111  ls
  112  cd ..
  113  pwd
  114  git add -A
  115  git commit -m "server_lesson　Q1完了"
  116  git remote add origin git@github.com:atsukun0426/server_lesson.git
  117  git push -u origin main
  118  git push -f origin main
  119  git remote add origin git@github.com:atsukun0426/server_lesson.git
  120  git push -u origin master
  121  git remote -v
  122  ssh -T git@github.com
  123  git remote add origin https://github.com/atsukun0426/server_lesson.git
  124  git remote add origin rm
  125  git remote add origin rm git@github.com:atsukun0426/server_lesson.git
  126  git remote rm git@github.com:atsukun0426/server_lesson.git
  127  git remote -v
  128  git remote rm git@github.com:atsukun0426/server_lesson.git
  129  git remote rm origin
  130  git remote -v
  131  git remote add origin https://github.com/atsukun0426/server_lesson.git
  132  git remote -v
  133  git push -u origin master
  134  pwd
  135  ls
  136  cd linux_practice2
  137  ls
  138  pwd
  139  ls
  140  touch gizumo{01...50}.md
  141  ls
  142  rm gizumo{01...50}.md
  143  ls
  144  touch gizumo{01..50}.md
  145  ls
  146  pwd
  147  mkdir trash
  148  mv gizumo{20..40}.md trash
  149  ls
  150  pwd
  151  cd trash
  152  ls
  153  cd ..
  154  ls
  155  mkdir documents
  156  ls
  157  mv gizumo{01..50}.md documents
  158  ls
  159  cd documents
  160  ls
  161  cd ..
  162  touch .gitignore
  163  vi .gitignore
  164  ls
  165  cd documents
  166  ls
  167  cd ..
  168  cd trash
  169  ls
  170  cd ..
  171  vi .gitignore
  172  history300
  173  history 300
  174  history 300 -w exec_command.log
  175  history 300 > exec_command.log
  176  ls
  177  cat exec_command.log
  178  cd ..
  179  pwd
  180  git add -A
  181  git commit -m "server_lesson Q2完了"
  182  gitgit status
  183  git status
  184  git log
  185  vi .gitignore
  186  ls
  187  cd linux_practice2
  188  ls
  189  touch .gitignore
  190  ls
  191  vi .gitignore
  192  git reset --hard HEAD^
  193  git status
  194  cd ..
  195  ls
  196  cd ..
  197  ls
  198  git reset --hard HEAD^
  199  git reset HEAD
  200  pwd
  201  cd vagrant
  202  ls
  203  cd server_lesson
  204  pwd
  205  git reset HEAD
  206  git reset --hard HEAD^
  207  git add -A
  208  git commit -m "server_lesson Q2完了"
  209  git status
  210  git reset --hard HEAD^
  211  git log
  212  git reset --soft HEAD~
  213  git reset
  214  git status
  215  git add -A
  216  git commit -m "server_lesson Q2"
  217  git push origin master
  218  git pull origin master
  219  ls
  220  git reset --hard HEAD^
  221  git reset
  222  ls
  223  cd linux_practice
  224  cd linux_practice1
  225  ls
  226  git log
  227  ls
  228  cd temp
  229  cd tmp
  230  ls
  231  cd ..
  232  mkdir linux_practice2
  233  ls
  234  cd linux_practice2
  235  mkdir documents
  236  cd documents
  237  touch gizumo{01..50}.md
  238  ls
  239  cd ..
  240  mkdir trash
  241  cd documents
  242  mv gizumo{20..40}.md trash
  243  mv gizumo{20..40}.md linux_practice2/trash
  244  ls
  245  mv gizumo{20..40}.md trash
  246  cd ..
  247  ls
  248  pwd
  249  cd documents
  250  mv gizumo{20..40}.md trash
  251  mv gizumo{20..40}.md /trash
  252  mv gizumo{20..40}.md linux_lesson2/trash
  253  mv gizumo{20..40}.md /linux_lesson2/trash
  254  mv gizumo{20..40}.md server_lesson/linux_lesson2/trash
  255  pwd
  256  mv gizumo{20..40}.md /server_lesson/linux_practice2/trash
  257  mv gizumo{20..40}.md vagrant/server_lesson/linux_practice2/trash
  258  ls
  259  mv gizumo{20..40}.md /trash
  260  mv gizumo{20..40}.md trash
  261  mv gizumo{20..40}.md /trash
  262  mv gizumo{20..40}.md ../trash
  263  ls
  264  cd ..
  265  ls
  266  cd trash
  267  ls
  268  cd ..
  269  touch .gitignore
  270  vi .gitignore
  271  ls
  272  cd ..
  273  git add -A
  274  git commit -m "server_lesson完了"
  275  git push origin master
  276  git rm -r --cached .
  277  ls
  278  cd linux_practice2
  279  vi .gitignore
  280  history300 > exec_command.log
  281  history 300 > exec_command.log
